Release 14.1 - xst P.15xf (nt64)
Copyright (c) 1995-2012 Xilinx, Inc.  All rights reserved.
--> Parameter TMPDIR set to xst/projnav.tmp


Total REAL time to Xst completion: 0.00 secs
Total CPU time to Xst completion: 0.08 secs
 
--> Parameter xsthdpdir set to xst


Total REAL time to Xst completion: 0.00 secs
Total CPU time to Xst completion: 0.08 secs
 
--> Reading design: bj.prj

TABLE OF CONTENTS
  1) Synthesis Options Summary
  2) HDL Compilation
  3) Design Hierarchy Analysis
  4) HDL Analysis
  5) HDL Synthesis
     5.1) HDL Synthesis Report
  6) Advanced HDL Synthesis
     6.1) Advanced HDL Synthesis Report
  7) Low Level Synthesis
  8) Partition Report
  9) Final Report
	9.1) Device utilization summary
	9.2) Partition Resource Summary
	9.3) TIMING REPORT


=========================================================================
*                      Synthesis Options Summary                        *
=========================================================================
---- Source Parameters
Input File Name                    : "bj.prj"
Input Format                       : mixed
Ignore Synthesis Constraint File   : NO

---- Target Parameters
Output File Name                   : "bj"
Output Format                      : NGC
Target Device                      : xc3s1000-5-ft256

---- Source Options
Top Module Name                    : bj
Automatic FSM Extraction           : YES
FSM Encoding Algorithm             : Auto
Safe Implementation                : No
FSM Style                          : LUT
RAM Extraction                     : Yes
RAM Style                          : Auto
ROM Extraction                     : Yes
Mux Style                          : Auto
Decoder Extraction                 : YES
Priority Encoder Extraction        : Yes
Shift Register Extraction          : YES
Logical Shifter Extraction         : YES
XOR Collapsing                     : YES
ROM Style                          : Auto
Mux Extraction                     : Yes
Resource Sharing                   : YES
Asynchronous To Synchronous        : NO
Multiplier Style                   : Auto
Automatic Register Balancing       : No

---- Target Options
Add IO Buffers                     : YES
Global Maximum Fanout              : 100000
Add Generic Clock Buffer(BUFG)     : 8
Register Duplication               : YES
Slice Packing                      : YES
Optimize Instantiated Primitives   : NO
Use Clock Enable                   : Yes
Use Synchronous Set                : Yes
Use Synchronous Reset              : Yes
Pack IO Registers into IOBs        : Auto
Equivalent register Removal        : YES

---- General Options
Optimization Goal                  : Speed
Optimization Effort                : 1
Keep Hierarchy                     : No
Netlist Hierarchy                  : As_Optimized
RTL Output                         : Yes
Global Optimization                : AllClockNets
Read Cores                         : YES
Write Timing Constraints           : NO
Cross Clock Analysis               : NO
Hierarchy Separator                : /
Bus Delimiter                      : <>
Case Specifier                     : Maintain
Slice Utilization Ratio            : 100
BRAM Utilization Ratio             : 100
Verilog 2001                       : YES
Auto BRAM Packing                  : NO
Slice Utilization Ratio Delta      : 5

---- Other Options
Cores Search Directories           : {"ipcore_dir"  }

=========================================================================


=========================================================================
*                          HDL Compilation                              *
=========================================================================
Compiling vhdl file "E:/prac5toc/bj_mem/contador.vhd" in Library work.
Entity <contador> compiled.
Entity <contador> (Architecture <rtl>) compiled.
Compiling vhdl file "E:/prac5toc/bj_mem/ipcore_dir/bj_mem.vhd" in Library work.
Architecture bj_mem_a of Entity bj_mem is up to date.
Compiling vhdl file "E:/prac5toc/bj_mem/divisor_new.vhd" in Library work.
Architecture rtl of Entity divisor is up to date.
Compiling vhdl file "E:/prac5toc/bj_mem/cd.vhd" in Library work.
Entity <cd> compiled.
Entity <cd> (Architecture <rtl>) compiled.
Compiling vhdl file "E:/prac5toc/bj_mem/uc.vhd" in Library work.
Entity <uc> compiled.
Entity <uc> (Architecture <rtl>) compiled.
Compiling vhdl file "E:/prac5toc/bj_mem/conv_7seg.vhd" in Library work.
Architecture behavioral of Entity conv_7seg is up to date.
Compiling vhdl file "E:/prac5toc/bj_mem/bj.vhd" in Library work.
Architecture behavioral of Entity bj is up to date.

=========================================================================
*                     Design Hierarchy Analysis                         *
=========================================================================
Analyzing hierarchy for entity <bj> in library <work> (architecture <behavioral>).

Analyzing hierarchy for entity <divisor> in library <work> (architecture <rtl>).

Analyzing hierarchy for entity <cd> in library <work> (architecture <rtl>).

Analyzing hierarchy for entity <uc> in library <work> (architecture <rtl>).

Analyzing hierarchy for entity <conv_7seg> in library <work> (architecture <behavioral>).

Analyzing hierarchy for entity <contador> in library <work> (architecture <rtl>).


=========================================================================
*                            HDL Analysis                               *
=========================================================================
Analyzing Entity <bj> in library <work> (Architecture <behavioral>).
Entity <bj> analyzed. Unit <bj> generated.

Analyzing Entity <divisor> in library <work> (Architecture <rtl>).
Entity <divisor> analyzed. Unit <divisor> generated.

Analyzing Entity <cd> in library <work> (Architecture <rtl>).
WARNING:Xst:2211 - "E:/prac5toc/bj_mem/cd.vhd" line 85: Instantiating black box module <bj_mem>.
Entity <cd> analyzed. Unit <cd> generated.

Analyzing Entity <contador> in library <work> (Architecture <rtl>).
Entity <contador> analyzed. Unit <contador> generated.

Analyzing Entity <uc> in library <work> (Architecture <rtl>).
Entity <uc> analyzed. Unit <uc> generated.

Analyzing Entity <conv_7seg> in library <work> (Architecture <behavioral>).
Entity <conv_7seg> analyzed. Unit <conv_7seg> generated.


=========================================================================
*                           HDL Synthesis                               *
=========================================================================

Performing bidirectional port resolution...

Synthesizing Unit <divisor>.
    Related source file is "E:/prac5toc/bj_mem/divisor_new.vhd".
    Found 1-bit register for signal <clk_1hz_reg>.
    Found 25-bit up counter for signal <cntr_reg>.
    Summary:
	inferred   1 Counter(s).
	inferred   1 D-type flip-flop(s).
Unit <divisor> synthesized.


Synthesizing Unit <uc>.
    Related source file is "E:/prac5toc/bj_mem/uc.vhd".
INFO:Xst:2117 - HDL ADVISOR - Mux Selector <current_state> of Case statement line 48 was re-encoded using one-hot encoding. The case statement will be optimized (default statement optimization), but this optimization may lead to design initialization problems. To ensure the design works safely, you can:
   	- add an 'INIT' attribute on signal <current_state> (optimization is then done without any risk)
   	- use the attribute 'signal_encoding user' to avoid onehot optimization
   	- use the attribute 'safe_implementation yes' to force XST to perform a safe (but less efficient) optimization
    Using one-hot encoding for signal <current_state>.
    Found 9-bit register for signal <current_state>.
Unit <uc> synthesized.


Synthesizing Unit <conv_7seg>.
    Related source file is "E:/prac5toc/bj_mem/conv_7seg.vhd".
    Found 16x7-bit ROM for signal <display>.
    Summary:
	inferred   1 ROM(s).
Unit <conv_7seg> synthesized.


Synthesizing Unit <contador>.
    Related source file is "E:/prac5toc/bj_mem/contador.vhd".
    Found 6-bit up counter for signal <cont>.
    Found 6-bit comparator less for signal <cont$cmp_lt0000> created at line 46.
    Summary:
	inferred   1 Counter(s).
	inferred   1 Comparator(s).
Unit <contador> synthesized.


Synthesizing Unit <cd>.
    Related source file is "E:/prac5toc/bj_mem/cd.vhd".
WARNING:Xst:1780 - Signal <r_cartas> is never used or assigned. This unconnected signal will be trimmed during the optimization process.
    Found 1-bit register for signal <pierdo>.
    Found 6-bit comparator greater for signal <mayor$cmp_gt0000> created at line 139.
    Found 4-bit register for signal <r_card>.
    Found 6-bit up accumulator for signal <r_points>.
    Found 6-bit register for signal <r_posicion>.
    Summary:
	inferred   1 Accumulator(s).
	inferred  11 D-type flip-flop(s).
	inferred   1 Comparator(s).
Unit <cd> synthesized.


Synthesizing Unit <bj>.
    Related source file is "E:/prac5toc/bj_mem/bj.vhd".
Unit <bj> synthesized.


=========================================================================
HDL Synthesis Report

Macro Statistics
# ROMs                                                 : 1
 16x7-bit ROM                                          : 1
# Counters                                             : 2
 25-bit up counter                                     : 1
 6-bit up counter                                      : 1
# Accumulators                                         : 1
 6-bit up accumulator                                  : 1
# Registers                                            : 5
 1-bit register                                        : 2
 4-bit register                                        : 1
 6-bit register                                        : 1
 9-bit register                                        : 1
# Comparators                                          : 2
 6-bit comparator greater                              : 1
 6-bit comparator less                                 : 1

=========================================================================

=========================================================================
*                       Advanced HDL Synthesis                          *
=========================================================================

Reading core <ipcore_dir/bj_mem.ngc>.
Loading core <bj_mem> for timing and area information for instance <i_bj_mem>.

=========================================================================
Advanced HDL Synthesis Report

Macro Statistics
# ROMs                                                 : 1
 16x7-bit ROM                                          : 1
# Counters                                             : 2
 25-bit up counter                                     : 1
 6-bit up counter                                      : 1
# Accumulators                                         : 1
 6-bit up accumulator                                  : 1
# Registers                                            : 21
 Flip-Flops                                            : 21
# Comparators                                          : 2
 6-bit comparator greater                              : 1
 6-bit comparator less                                 : 1

=========================================================================

=========================================================================
*                         Low Level Synthesis                           *
=========================================================================
INFO:Xst:1901 - Instance ramloop[0].ram.r/s3_init.ram/spram.ram in unit ramloop[0].ram.r/s3_init.ram/spram.ram of type RAMB16_S36_S36 has been replaced by RAMB16

Optimizing unit <bj> ...

Optimizing unit <uc> ...

Optimizing unit <cd> ...

Mapping all equations...
Building and optimizing final netlist ...
Found area constraint ratio of 100 (+ 5) on block bj, actual ratio is 0.

Final Macro Processing ...

=========================================================================
Final Register Report

Macro Statistics
# Registers                                            : 58
 Flip-Flops                                            : 58

=========================================================================

=========================================================================
*                           Partition Report                            *
=========================================================================

Partition Implementation Status
-------------------------------

  No Partitions were found in this design.

-------------------------------

=========================================================================
*                            Final Report                               *
=========================================================================
Final Results
RTL Top Level Output File Name     : bj.ngr
Top Level Output File Name         : bj
Output Format                      : NGC
Optimization Goal                  : Speed
Keep Hierarchy                     : No

Design Statistics
# IOs                              : 19

Cell Usage :
# BELS                             : 141
#      GND                         : 4
#      INV                         : 4
#      LUT1                        : 25
#      LUT2                        : 7
#      LUT2_D                      : 1
#      LUT2_L                      : 1
#      LUT3                        : 2
#      LUT3_L                      : 3
#      LUT4                        : 28
#      LUT4_D                      : 6
#      MUXCY                       : 31
#      MUXF5                       : 1
#      VCC                         : 3
#      XORCY                       : 25
# FlipFlops/Latches                : 58
#      FDC                         : 8
#      FDCE                        : 6
#      FDE                         : 12
#      FDP                         : 1
#      FDR                         : 25
#      FDRE                        : 6
# RAMS                             : 1
#      RAMB16                      : 1
# Clock Buffers                    : 2
#      BUFG                        : 1
#      BUFGP                       : 1
# IO Buffers                       : 18
#      IBUF                        : 4
#      OBUF                        : 14
=========================================================================

Device utilization summary:
---------------------------

Selected Device : 3s1000ft256-5 

 Number of Slices:                       42  out of   7680     0%  
 Number of Slice Flip Flops:             58  out of  15360     0%  
 Number of 4 input LUTs:                 77  out of  15360     0%  
 Number of IOs:                          19
 Number of bonded IOBs:                  19  out of    173    10%  
 Number of BRAMs:                         1  out of     24     4%  
 Number of GCLKs:                         2  out of      8    25%  

---------------------------
Partition Resource Summary:
---------------------------

  No Partitions were found in this design.

---------------------------


=========================================================================
TIMING REPORT

NOTE: THESE TIMING NUMBERS ARE ONLY A SYNTHESIS ESTIMATE.
      FOR ACCURATE TIMING INFORMATION PLEASE REFER TO THE TRACE REPORT
      GENERATED AFTER PLACE-and-ROUTE.

Clock Information:
------------------
-----------------------------------+------------------------+-------+
Clock Signal                       | Clock buffer(FF name)  | Load  |
-----------------------------------+------------------------+-------+
clk                                | BUFGP                  | 26    |
i_divisor/clk_1hz_reg1             | BUFG                   | 33    |
-----------------------------------+------------------------+-------+

Asynchronous Control Signals Information:
----------------------------------------
-----------------------------------+------------------------+-------+
Control Signal                     | Buffer(FF name)        | Load  |
-----------------------------------+------------------------+-------+
rst                                | IBUF                   | 15    |
-----------------------------------+------------------------+-------+

Timing Summary:
---------------
Speed Grade: -5

   Minimum period: 5.541ns (Maximum Frequency: 180.461MHz)
   Minimum input arrival time before clock: 3.357ns
   Maximum output required time after clock: 7.962ns
   Maximum combinational path delay: No path found

Timing Detail:
--------------
All values displayed in nanoseconds (ns)

=========================================================================
Timing constraint: Default period analysis for Clock 'clk'
  Clock period: 5.541ns (frequency: 180.461MHz)
  Total number of paths / destination ports: 976 / 52
-------------------------------------------------------------------------
Delay:               5.541ns (Levels of Logic = 8)
  Source:            i_divisor/cntr_reg_5 (FF)
  Destination:       i_divisor/cntr_reg_0 (FF)
  Source Clock:      clk rising
  Destination Clock: clk rising

  Data Path: i_divisor/cntr_reg_5 to i_divisor/cntr_reg_0
                                Gate     Net
    Cell:in->out      fanout   Delay   Delay  Logical Name (Net Name)
    ----------------------------------------  ------------
     FDR:C->Q              2   0.626   1.040  i_divisor/cntr_reg_5 (i_divisor/cntr_reg_5)
     LUT1:I0->O            1   0.479   0.000  i_divisor/clk_1hz_reg_cmp_eq0000_wg_cy<0>_rt (i_divisor/clk_1hz_reg_cmp_eq0000_wg_cy<0>_rt)
     MUXCY:S->O            1   0.435   0.000  i_divisor/clk_1hz_reg_cmp_eq0000_wg_cy<0> (i_divisor/clk_1hz_reg_cmp_eq0000_wg_cy<0>)
     MUXCY:CI->O           1   0.056   0.000  i_divisor/clk_1hz_reg_cmp_eq0000_wg_cy<1> (i_divisor/clk_1hz_reg_cmp_eq0000_wg_cy<1>)
     MUXCY:CI->O           1   0.056   0.000  i_divisor/clk_1hz_reg_cmp_eq0000_wg_cy<2> (i_divisor/clk_1hz_reg_cmp_eq0000_wg_cy<2>)
     MUXCY:CI->O           1   0.056   0.000  i_divisor/clk_1hz_reg_cmp_eq0000_wg_cy<3> (i_divisor/clk_1hz_reg_cmp_eq0000_wg_cy<3>)
     MUXCY:CI->O           1   0.056   0.000  i_divisor/clk_1hz_reg_cmp_eq0000_wg_cy<4> (i_divisor/clk_1hz_reg_cmp_eq0000_wg_cy<4>)
     MUXCY:CI->O           1   0.056   0.000  i_divisor/clk_1hz_reg_cmp_eq0000_wg_cy<5> (i_divisor/clk_1hz_reg_cmp_eq0000_wg_cy<5>)
     MUXCY:CI->O          26   0.246   1.546  i_divisor/clk_1hz_reg_cmp_eq0000_wg_cy<6> (i_divisor/clk_1hz_reg_cmp_eq0000)
     FDR:R                     0.892          i_divisor/cntr_reg_0
    ----------------------------------------
    Total                      5.541ns (2.955ns logic, 2.586ns route)
                                       (53.3% logic, 46.7% route)

=========================================================================
Timing constraint: Default period analysis for Clock 'i_divisor/clk_1hz_reg1'
  Clock period: 4.725ns (frequency: 211.660MHz)
  Total number of paths / destination ports: 182 / 69
-------------------------------------------------------------------------
Delay:               4.725ns (Levels of Logic = 3)
  Source:            i_cd/r_points_1 (FF)
  Destination:       i_uc/current_state_2 (FF)
  Source Clock:      i_divisor/clk_1hz_reg1 rising
  Destination Clock: i_divisor/clk_1hz_reg1 rising

  Data Path: i_cd/r_points_1 to i_uc/current_state_2
                                Gate     Net
    Cell:in->out      fanout   Delay   Delay  Logical Name (Net Name)
    ----------------------------------------  ------------
     FDRE:C->Q             5   0.626   1.078  i_cd/r_points_1 (i_cd/r_points_1)
     LUT2:I0->O            1   0.479   0.704  i_cd/mayor1_SW0 (N21)
     LUT4_D:I3->O          1   0.479   0.704  i_cd/mayor1 (stat_bj<1>)
     LUT4:I3->O            1   0.479   0.000  i_uc/next_state<0> (i_uc/next_state<0>)
     FDP:D                     0.176          i_uc/current_state_0
    ----------------------------------------
    Total                      4.725ns (2.239ns logic, 2.486ns route)
                                       (47.4% logic, 52.6% route)

=========================================================================
Timing constraint: Default OFFSET IN BEFORE for Clock 'i_divisor/clk_1hz_reg1'
  Total number of paths / destination ports: 7 / 4
-------------------------------------------------------------------------
Offset:              3.357ns (Levels of Logic = 3)
  Source:            plantarse (PAD)
  Destination:       i_uc/current_state_2 (FF)
  Destination Clock: i_divisor/clk_1hz_reg1 rising

  Data Path: plantarse to i_uc/current_state_2
                                Gate     Net
    Cell:in->out      fanout   Delay   Delay  Logical Name (Net Name)
    ----------------------------------------  ------------
     IBUF:I->O             2   0.715   0.804  plantarse_IBUF (plantarse_IBUF)
     LUT4_D:I2->O          1   0.479   0.704  i_uc/next_state<2>11 (i_uc/N01)
     LUT4:I3->O            1   0.479   0.000  i_uc/next_state<2>1 (i_uc/next_state<2>)
     FDC:D                     0.176          i_uc/current_state_2
    ----------------------------------------
    Total                      3.357ns (1.849ns logic, 1.508ns route)
                                       (55.1% logic, 44.9% route)

=========================================================================
Timing constraint: Default OFFSET OUT AFTER for Clock 'i_divisor/clk_1hz_reg1'
  Total number of paths / destination ports: 35 / 14
-------------------------------------------------------------------------
Offset:              7.962ns (Levels of Logic = 2)
  Source:            i_cd/r_card_0 (FF)
  Destination:       carta<4> (PAD)
  Source Clock:      i_divisor/clk_1hz_reg1 rising

  Data Path: i_cd/r_card_0 to carta<4>
                                Gate     Net
    Cell:in->out      fanout   Delay   Delay  Logical Name (Net Name)
    ----------------------------------------  ------------
     FDE:C->Q             11   0.626   1.267  i_cd/r_card_0 (i_cd/r_card_0)
     LUT4:I0->O            1   0.479   0.681  i_conv_7seg/Mrom_display41 (carta_4_OBUF)
     OBUF:I->O                 4.909          carta_4_OBUF (carta<4>)
    ----------------------------------------
    Total                      7.962ns (6.014ns logic, 1.948ns route)
                                       (75.5% logic, 24.5% route)

=========================================================================


Total REAL time to Xst completion: 6.00 secs
Total CPU time to Xst completion: 6.43 secs
 
--> 

Total memory usage is 260752 kilobytes

Number of errors   :    0 (   0 filtered)
Number of warnings :    2 (   0 filtered)
Number of infos    :    2 (   0 filtered)

