Release 14.1 - ngc2edif P.15xf (nt64)
Copyright (c) 1995-2012 Xilinx, Inc.  All rights reserved.
Reading design bj.ngc ...
WARNING:NetListWriters:298 - No output is written to bj.xncf, ignored.
Processing design ...
   Preping design's networks ...
   Preping design's macros ...
WARNING:NetListWriters:306 - Signal bus ctrl_bj<3 : 1> on block bj is not
   reconstructed, because there are some missing bus signals.
WARNING:NetListWriters:306 - Signal bus i_cd/Maccum_r_points_lut<3 : 0> on block
   bj is not reconstructed, because there are some missing bus signals.
WARNING:NetListWriters:306 - Signal bus i_uc/next_state<8 : 0> on block bj is
   not reconstructed, because there are some missing bus signals.
  finished :Prep
Writing EDIF netlist file bj.edif ...
ngc2edif: Total memory usage is 94528 kilobytes

Release 14.1 - ngc2edif P.15xf (nt64)
Copyright (c) 1995-2012 Xilinx, Inc.  All rights reserved.
Reading design bj_mem.ngc ...
WARNING:NetListWriters:298 - No output is written to bj_mem.xncf, ignored.
Processing design ...
   Preping design's networks ...
   Preping design's macros ...
  finished :Prep
Writing EDIF netlist file bj_mem.edif ...
ngc2edif: Total memory usage is 93824 kilobytes

