Running: C:\Xilinx\14.1\ISE_DS\ISE\bin\nt64\unwrapped\fuse.exe -intstyle ise -incremental -o C:/hlocal/practica2b/tb_muneca_isim_beh.exe -prj C:/hlocal/practica2b/tb_muneca_beh.prj work.tb_muneca 
ISim P.15xf (signature 0xc3576ebc)
Number of CPUs detected in this system: 4
Turning on mult-threading, number of parallel sub-compilation jobs: 8 
Determining compilation order of HDL files
Parsing VHDL file "C:/hlocal/practica2b/../tb_muneca.vhd" into library work
Starting static elaboration
WARNING:HDLCompiler:89 - "C:/hlocal/practica2b/../tb_muneca.vhd" Line 50: <muneca> remains a black-box since it has no binding entity.
Completed static elaboration
WARNING:Simulator:648 - "C:/hlocal/practica2b/../tb_muneca.vhd" Line 50. Instance muneca is unbound
Compiling package standard
Compiling package std_logic_1164
Compiling package numeric_std
Compiling package textio
Compiling architecture beh of entity tb_muneca
Time Resolution for simulation is 1ps.
Waiting for 1 sub-compilation(s) to finish...
Compiled 5 VHDL Units
Built simulation executable C:/hlocal/practica2b/tb_muneca_isim_beh.exe
Fuse Memory Usage: 34860 KB
Fuse CPU Usage: 484 ms
