ISim log file
Running: C:\hlocal\practica2b\tb_muneca_isim_beh.exe -intstyle ise -gui -tclbatch isim.cmd -wdb C:/hlocal/practica2b/tb_muneca_isim_beh.wdb 
ISim P.15xf (signature 0xc3576ebc)
WARNING: A WEBPACK license was found.
WARNING: Please use Xilinx License Configuration Manager to check out a full ISim license.
WARNING: ISim will run in Lite mode. Please refer to the ISim documentation for more information on the differences between the Lite and the Full version.
This is a Lite version of ISim.
Time resolution is 1 ps
# onerror resume
# wave add /
# run 1000 ns
Simulator is doing circuit initialization process.
Finished circuit initialization process.
at 260 ns(1): Error: tranquila -> tranquila
at 270 ns(1): Error: tranquila -> dormida
at 280 ns(1): Error: dormida -> asustada
at 290 ns(1): Error: asustada -> tranquila
at 300 ns(1): Error: tranquila -> hablando
at 310 ns(1): Error: hablando -> dormida
at 320 ns(1): Error: dormida -> asustada
at 330 ns(1): Error: asustada -> dormida
