Release 14.1 Map P.15xf (nt64)
Xilinx Mapping Report File for Design 'divisor'

Design Information
------------------
Command Line   : map -intstyle ise -p xc3s1000-ft256-5 -cm area -ir off -pr off
-c 100 -o divisor_map.ncd divisor.ngd divisor.pcf 
Target Device  : xc3s1000
Target Package : ft256
Target Speed   : -5
Mapper Version : spartan3 -- $Revision: 1.55 $
Mapped Date    : Wed Nov 30 00:26:11 2016

Design Summary
--------------
Number of errors:      0
Number of warnings:    0
Logic Utilization:
  Number of Slice Flip Flops:            40 out of  15,360    1%
  Number of 4 input LUTs:                74 out of  15,360    1%
Logic Distribution:
  Number of occupied Slices:             44 out of   7,680    1%
    Number of Slices containing only related logic:      44 out of      44 100%
    Number of Slices containing unrelated logic:          0 out of      44   0%
      *See NOTES below for an explanation of the effects of unrelated logic.
  Total Number of 4 input LUTs:          77 out of  15,360    1%
    Number used as logic:                74
    Number used as a route-thru:          3

  The Slice Logic Distribution report is not meaningful if the design is
  over-mapped for a non-slice resource or if Placement fails.

  Number of bonded IOBs:                 36 out of     173   20%
  Number of BUFGMUXs:                     1 out of       8   12%

Average Fanout of Non-Clock Nets:                3.46

Peak Memory Usage:  273 MB
Total REAL time to MAP completion:  2 secs 
Total CPU time to MAP completion:   1 secs 

NOTES:

   Related logic is defined as being logic that shares connectivity - e.g. two
   LUTs are "related" if they share common inputs.  When assembling slices,
   Map gives priority to combine logic that is related.  Doing so results in
   the best timing performance.

   Unrelated logic shares no connectivity.  Map will only begin packing
   unrelated logic into a slice once 99% of the slices are occupied through
   related logic packing.

   Note that once logic distribution reaches the 99% level through related
   logic packing, this does not mean the device is completely utilized.
   Unrelated logic packing will then begin, continuing until all usable LUTs
   and FFs are occupied.  Depending on your timing budget, increased levels of
   unrelated logic packing may adversely affect the overall timing performance
   of your design.

Table of Contents
-----------------
Section 1 - Errors
Section 2 - Warnings
Section 3 - Informational
Section 4 - Removed Logic Summary
Section 5 - Removed Logic
Section 6 - IOB Properties
Section 7 - RPMs
Section 8 - Guide Report
Section 9 - Area Group and Partition Summary
Section 10 - Timing Report
Section 11 - Configuration String Information
Section 12 - Control Set Information
Section 13 - Utilization by Hierarchy

Section 1 - Errors
------------------

Section 2 - Warnings
--------------------

Section 3 - Informational
-------------------------
INFO:MapLib:562 - No environment variables are currently set.
INFO:LIT:244 - All of the single ended outputs in this design are using slew
   rate limited output drivers. The delay on speed critical single ended outputs
   can be dramatically reduced by designating them as fast outputs.

Section 4 - Removed Logic Summary
---------------------------------

Section 5 - Removed Logic
-------------------------

To enable printing of redundant blocks removed and signals merged, set the
detailed map report option and rerun map.

Section 6 - IOB Properties
--------------------------

+---------------------------------------------------------------------------------------------------------------------------------------------------------+
| IOB Name                           | Type             | Direction | IO Standard          | Diff  | Drive    | Slew | Reg (s)      | Resistor | IOB      |
|                                    |                  |           |                      | Term  | Strength | Rate |              |          | Delay    |
+---------------------------------------------------------------------------------------------------------------------------------------------------------+
| clk                                | IOB              | INPUT     | LVCMOS25             |       |          |      |              |          |          |
| coc<0>                             | IOB              | OUTPUT    | LVCMOS25             |       | 12       | SLOW |              |          |          |
| coc<1>                             | IOB              | OUTPUT    | LVCMOS25             |       | 12       | SLOW |              |          |          |
| coc<2>                             | IOB              | OUTPUT    | LVCMOS25             |       | 12       | SLOW |              |          |          |
| coc<3>                             | IOB              | OUTPUT    | LVCMOS25             |       | 12       | SLOW |              |          |          |
| coc<4>                             | IOB              | OUTPUT    | LVCMOS25             |       | 12       | SLOW |              |          |          |
| coc<5>                             | IOB              | OUTPUT    | LVCMOS25             |       | 12       | SLOW |              |          |          |
| coc<6>                             | IOB              | OUTPUT    | LVCMOS25             |       | 12       | SLOW |              |          |          |
| coc<7>                             | IOB              | OUTPUT    | LVCMOS25             |       | 12       | SLOW |              |          |          |
| dndo<0>                            | IOB              | INPUT     | LVCMOS25             |       |          |      |              |          |          |
| dndo<1>                            | IOB              | INPUT     | LVCMOS25             |       |          |      |              |          |          |
| dndo<2>                            | IOB              | INPUT     | LVCMOS25             |       |          |      |              |          |          |
| dndo<3>                            | IOB              | INPUT     | LVCMOS25             |       |          |      |              |          |          |
| dndo<4>                            | IOB              | INPUT     | LVCMOS25             |       |          |      |              |          |          |
| dndo<5>                            | IOB              | INPUT     | LVCMOS25             |       |          |      |              |          |          |
| dndo<6>                            | IOB              | INPUT     | LVCMOS25             |       |          |      |              |          |          |
| dndo<7>                            | IOB              | INPUT     | LVCMOS25             |       |          |      |              |          |          |
| dsor<0>                            | IOB              | INPUT     | LVCMOS25             |       |          |      |              |          |          |
| dsor<1>                            | IOB              | INPUT     | LVCMOS25             |       |          |      |              |          |          |
| dsor<2>                            | IOB              | INPUT     | LVCMOS25             |       |          |      |              |          |          |
| dsor<3>                            | IOB              | INPUT     | LVCMOS25             |       |          |      |              |          |          |
| dsor<4>                            | IOB              | INPUT     | LVCMOS25             |       |          |      |              |          |          |
| dsor<5>                            | IOB              | INPUT     | LVCMOS25             |       |          |      |              |          |          |
| dsor<6>                            | IOB              | INPUT     | LVCMOS25             |       |          |      |              |          |          |
| dsor<7>                            | IOB              | INPUT     | LVCMOS25             |       |          |      |              |          |          |
| ini                                | IOB              | INPUT     | LVCMOS25             |       |          |      |              |          |          |
| ready                              | IOB              | OUTPUT    | LVCMOS25             |       | 12       | SLOW |              |          |          |
| res<0>                             | IOB              | OUTPUT    | LVCMOS25             |       | 12       | SLOW |              |          |          |
| res<1>                             | IOB              | OUTPUT    | LVCMOS25             |       | 12       | SLOW |              |          |          |
| res<2>                             | IOB              | OUTPUT    | LVCMOS25             |       | 12       | SLOW |              |          |          |
| res<3>                             | IOB              | OUTPUT    | LVCMOS25             |       | 12       | SLOW |              |          |          |
| res<4>                             | IOB              | OUTPUT    | LVCMOS25             |       | 12       | SLOW |              |          |          |
| res<5>                             | IOB              | OUTPUT    | LVCMOS25             |       | 12       | SLOW |              |          |          |
| res<6>                             | IOB              | OUTPUT    | LVCMOS25             |       | 12       | SLOW |              |          |          |
| res<7>                             | IOB              | OUTPUT    | LVCMOS25             |       | 12       | SLOW |              |          |          |
| rst_n                              | IOB              | INPUT     | LVCMOS25             |       |          |      |              |          |          |
+---------------------------------------------------------------------------------------------------------------------------------------------------------+

Section 7 - RPMs
----------------

Section 8 - Guide Report
------------------------
Guide not run on this design.

Section 9 - Area Group and Partition Summary
--------------------------------------------

Partition Implementation Status
-------------------------------

  No Partitions were found in this design.

-------------------------------

Area Group Information
----------------------

  No area groups were found in this design.

----------------------

Section 10 - Timing Report
--------------------------
This design was not run using timing mode.

Section 11 - Configuration String Details
-----------------------------------------
Use the "-detail" map option to print out Configuration Strings

Section 12 - Control Set Information
------------------------------------
No control set information for this architecture.

Section 13 - Utilization by Hierarchy
-------------------------------------
Use the "-detail" map option to print out the Utilization by Hierarchy section.
