Command line:
   tb_divider_isim_beh.exe
     -simmode  gui
     -simrunnum  0
     -socket  64716

Sat Nov 26 13:34:26 2016


 Elaboration Time: 0.09375 sec

 Current Memory Usage: 361.787 Meg

 Total Signals          : 57
 Total Nets             : 125
 Total Signal Drivers   : 35
 Total Blocks           : 6
 Total Primitive Blocks : 4
 Total Processes        : 21
 Total Traceable Variables  : 15
 Total Scalar Nets and Variables : 610
Total Line Count : 113

 Total Simulation Time: 4.28125 sec

 Current Memory Usage: 676.377 Meg

Sat Nov 26 13:35:23 2016

