Release 14.1 - xst P.15xf (nt64)
Copyright (c) 1995-2012 Xilinx, Inc.  All rights reserved.
--> Parameter TMPDIR set to xst/projnav.tmp


Total REAL time to Xst completion: 0.00 secs
Total CPU time to Xst completion: 0.09 secs
 
--> Parameter xsthdpdir set to xst


Total REAL time to Xst completion: 0.00 secs
Total CPU time to Xst completion: 0.09 secs
 
--> Reading design: iterative.prj

TABLE OF CONTENTS
  1) Synthesis Options Summary
  2) HDL Compilation
  3) Design Hierarchy Analysis
  4) HDL Analysis
  5) HDL Synthesis
     5.1) HDL Synthesis Report
  6) Advanced HDL Synthesis
     6.1) Advanced HDL Synthesis Report
  7) Low Level Synthesis
  8) Partition Report
  9) Final Report
	9.1) Device utilization summary
	9.2) Partition Resource Summary
	9.3) TIMING REPORT


=========================================================================
*                      Synthesis Options Summary                        *
=========================================================================
---- Source Parameters
Input File Name                    : "iterative.prj"
Input Format                       : mixed
Ignore Synthesis Constraint File   : NO

---- Target Parameters
Output File Name                   : "iterative"
Output Format                      : NGC
Target Device                      : xc3s1000-5-ft256

---- Source Options
Top Module Name                    : iterative
Automatic FSM Extraction           : YES
FSM Encoding Algorithm             : Auto
Safe Implementation                : No
FSM Style                          : LUT
RAM Extraction                     : Yes
RAM Style                          : Auto
ROM Extraction                     : Yes
Mux Style                          : Auto
Decoder Extraction                 : YES
Priority Encoder Extraction        : Yes
Shift Register Extraction          : YES
Logical Shifter Extraction         : YES
XOR Collapsing                     : YES
ROM Style                          : Auto
Mux Extraction                     : Yes
Resource Sharing                   : YES
Asynchronous To Synchronous        : NO
Multiplier Style                   : Auto
Automatic Register Balancing       : No

---- Target Options
Add IO Buffers                     : YES
Global Maximum Fanout              : 500
Add Generic Clock Buffer(BUFG)     : 8
Register Duplication               : YES
Slice Packing                      : YES
Optimize Instantiated Primitives   : NO
Use Clock Enable                   : Yes
Use Synchronous Set                : Yes
Use Synchronous Reset              : Yes
Pack IO Registers into IOBs        : Auto
Equivalent register Removal        : YES

---- General Options
Optimization Goal                  : Speed
Optimization Effort                : 1
Keep Hierarchy                     : No
Netlist Hierarchy                  : As_Optimized
RTL Output                         : Yes
Global Optimization                : AllClockNets
Read Cores                         : YES
Write Timing Constraints           : NO
Cross Clock Analysis               : NO
Hierarchy Separator                : /
Bus Delimiter                      : <>
Case Specifier                     : Maintain
Slice Utilization Ratio            : 100
BRAM Utilization Ratio             : 100
Verilog 2001                       : YES
Auto BRAM Packing                  : NO
Slice Utilization Ratio Delta      : 5

=========================================================================


=========================================================================
*                          HDL Compilation                              *
=========================================================================
Compiling vhdl file "E:/prac3a/prac3a/definitions.vhd" in Library work.
Package <definitions> compiled.
Compiling vhdl file "E:/prac3a/prac3a/cell.vhd" in Library work.
Entity <cell> compiled.
Entity <cell> (Architecture <Behavioral>) compiled.
Compiling vhdl file "E:/prac3a/prac3a/iterative.vhd" in Library work.
Entity <iterative> compiled.
Entity <iterative> (Architecture <Behavioral>) compiled.

=========================================================================
*                     Design Hierarchy Analysis                         *
=========================================================================
Analyzing hierarchy for entity <iterative> in library <work> (architecture <Behavioral>) with generics.
	g_width_count = 5
	g_width_data = 32

Analyzing hierarchy for entity <cell> in library <work> (architecture <Behavioral>) with generics.
	g_width = 5


=========================================================================
*                            HDL Analysis                               *
=========================================================================
Analyzing generic Entity <iterative> in library <work> (Architecture <Behavioral>).
	g_width_count = 5
	g_width_data = 32
Entity <iterative> analyzed. Unit <iterative> generated.

Analyzing generic Entity <cell> in library <work> (Architecture <Behavioral>).
	g_width = 5
Entity <cell> analyzed. Unit <cell> generated.


=========================================================================
*                           HDL Synthesis                               *
=========================================================================

Performing bidirectional port resolution...

Synthesizing Unit <cell>.
    Related source file is "E:/prac3a/prac3a/cell.vhd".
    Found 5-bit adder for signal <count_out$addsub0000> created at line 53.
    Found 2-bit 4-to-1 multiplexer for signal <pattern_i>.
    Summary:
	inferred   1 Adder/Subtractor(s).
	inferred   2 Multiplexer(s).
Unit <cell> synthesized.


Synthesizing Unit <iterative>.
    Related source file is "E:/prac3a/prac3a/iterative.vhd".
WARNING:Xst:646 - Signal <pattern<32>> is assigned but never used. This unconnected signal will be trimmed during the optimization process.
Unit <iterative> synthesized.


=========================================================================
HDL Synthesis Report

Macro Statistics
# Adders/Subtractors                                   : 32
 5-bit adder                                           : 32
# Multiplexers                                         : 32
 2-bit 4-to-1 multiplexer                              : 32

=========================================================================

=========================================================================
*                       Advanced HDL Synthesis                          *
=========================================================================


=========================================================================
Advanced HDL Synthesis Report

Macro Statistics
# Adders/Subtractors                                   : 32
 5-bit adder                                           : 32
# Multiplexers                                         : 32
 2-bit 4-to-1 multiplexer                              : 32

=========================================================================

=========================================================================
*                         Low Level Synthesis                           *
=========================================================================

Optimizing unit <iterative> ...

Mapping all equations...
Building and optimizing final netlist ...
Found area constraint ratio of 100 (+ 5) on block iterative, actual ratio is 2.

Final Macro Processing ...

=========================================================================
Final Register Report

Found no macro
=========================================================================

=========================================================================
*                           Partition Report                            *
=========================================================================

Partition Implementation Status
-------------------------------

  No Partitions were found in this design.

-------------------------------

=========================================================================
*                            Final Report                               *
=========================================================================
Final Results
RTL Top Level Output File Name     : iterative.ngr
Top Level Output File Name         : iterative
Output Format                      : NGC
Optimization Goal                  : Speed
Keep Hierarchy                     : No

Design Statistics
# IOs                              : 37

Cell Usage :
# BELS                             : 246
#      LUT2                        : 14
#      LUT3                        : 50
#      LUT4                        : 162
#      MUXF5                       : 20
# IO Buffers                       : 37
#      IBUF                        : 32
#      OBUF                        : 5
=========================================================================

Device utilization summary:
---------------------------

Selected Device : 3s1000ft256-5 

 Number of Slices:                      127  out of   7680     1%  
 Number of 4 input LUTs:                226  out of  15360     1%  
 Number of IOs:                          37
 Number of bonded IOBs:                  37  out of    173    21%  

---------------------------
Partition Resource Summary:
---------------------------

  No Partitions were found in this design.

---------------------------


=========================================================================
TIMING REPORT

NOTE: THESE TIMING NUMBERS ARE ONLY A SYNTHESIS ESTIMATE.
      FOR ACCURATE TIMING INFORMATION PLEASE REFER TO THE TRACE REPORT
      GENERATED AFTER PLACE-and-ROUTE.

Clock Information:
------------------
No clock signals found in this design

Asynchronous Control Signals Information:
----------------------------------------
No asynchronous control signals found in this design

Timing Summary:
---------------
Speed Grade: -5

   Minimum period: No path found
   Minimum input arrival time before clock: No path found
   Maximum output required time after clock: No path found
   Maximum combinational path delay: 40.336ns

Timing Detail:
--------------
All values displayed in nanoseconds (ns)

=========================================================================
Timing constraint: Default path analysis
  Total number of paths / destination ports: 7358973 / 5
-------------------------------------------------------------------------
Delay:               40.336ns (Levels of Logic = 27)
  Source:            din<0> (PAD)
  Destination:       num_patterns<4> (PAD)

  Data Path: din<0> to num_patterns<4>
                                Gate     Net
    Cell:in->out      fanout   Delay   Delay  Logical Name (Net Name)
    ----------------------------------------  ------------
     IBUF:I->O            11   0.715   1.267  din_0_IBUF (din_0_IBUF)
     LUT4:I0->O            1   0.479   0.851  iterative_network1[11].i_cel/count_out_cmp_eq0000328 (iterative_network1[11].i_cel/count_out_cmp_eq0000328)
     LUT4:I1->O            4   0.479   1.074  iterative_network1[11].i_cel/count_out_cmp_eq00003254 (N107)
     LUT4:I0->O            6   0.479   0.912  iterative_network1[7].i_cel/Mmux_pattern_i21 (pattern<8><1>)
     LUT3:I2->O            2   0.479   0.915  iterative_network1[13].i_cel/Mmux_pattern_i239 (iterative_network1[13].i_cel/Mmux_pattern_i2103)
     LUT3:I1->O            1   0.479   0.704  iterative_network1[13].i_cel/Mmux_pattern_i251 (iterative_network1[13].i_cel/Mmux_pattern_i251)
     LUT4:I3->O           13   0.479   1.289  iterative_network1[13].i_cel/Mmux_pattern_i2148 (pattern<14><1>)
     LUT4:I0->O            5   0.479   0.842  iterative_network1[15].i_cel/count_out<0>11 (N54)
     LUT4:I2->O            4   0.479   1.074  iterative_network1[15].i_cel/count_out<1>1 (count<16><1>)
     LUT3:I0->O            5   0.479   0.842  iterative_network1[16].i_cel/count_out<2>61 (N99)
     LUT4:I2->O            1   0.479   0.740  iterative_network1[16].i_cel/count_out<2>91 (iterative_network1[16].i_cel/count_out<2>91)
     LUT4:I2->O            3   0.479   0.941  iterative_network1[16].i_cel/count_out<2>109 (count<17><2>)
     LUT3:I1->O            3   0.479   1.066  iterative_network1[22].i_cel/count_out<4>128 (N11)
     LUT4:I0->O            7   0.479   1.201  iterative_network1[20].i_cel/count_out<2>90 (count<21><2>)
     LUT2:I0->O            2   0.479   0.804  iterative_network1[21].i_cel/count_out<3>221 (N811)
     LUT4:I2->O            1   0.479   0.976  iterative_network1[21].i_cel/count_out<3>86 (iterative_network1[21].i_cel/count_out<3>86)
     LUT3:I0->O            3   0.479   0.794  iterative_network1[21].i_cel/count_out<3>98 (count<22><3>)
     LUT4:I3->O            1   0.479   0.976  iterative_network1[22].i_cel/count_out<4>113 (iterative_network1[22].i_cel/count_out<4>113)
     LUT4:I0->O            1   0.479   0.704  iterative_network1[22].i_cel/count_out<4>135_SW0 (N178)
     LUT4:I3->O            1   0.479   0.000  iterative_network1[22].i_cel/count_out<4>183_SW0_F (N244)
     MUXF5:I0->O           1   0.314   0.704  iterative_network1[22].i_cel/count_out<4>183_SW0 (N194)
     LUT4:I3->O            1   0.479   0.976  iterative_network1[22].i_cel/count_out<4>183 (iterative_network1[22].i_cel/count_out<4>183)
     LUT4:I0->O            1   0.479   0.681  iterative_network1[25].i_cel/count_out<4>1 (count<26><4>)
     MUXF5:S->O            1   0.540   0.851  iterative_network1[28].i_cel/count_out<4>147 (count<29><4>)
     LUT4:I1->O            1   0.479   0.976  iterative_network1[29].i_cel/count_out<4> (count<30><4>)
     LUT3:I0->O            1   0.479   0.681  iterative_network1[31].i_cel/count_out<4>1 (num_patterns_4_OBUF)
     OBUF:I->O                 4.909          num_patterns_4_OBUF (num_patterns<4>)
    ----------------------------------------
    Total                     40.336ns (17.495ns logic, 22.841ns route)
                                       (43.4% logic, 56.6% route)

=========================================================================


Total REAL time to Xst completion: 8.00 secs
Total CPU time to Xst completion: 7.86 secs
 
--> 

Total memory usage is 265488 kilobytes

Number of errors   :    0 (   0 filtered)
Number of warnings :    1 (   0 filtered)
Number of infos    :    0 (   0 filtered)

